[10-Oct-2015 21:28:21 Asia/Chongqing] PHP Parse error:  syntax error, unexpected 'endforeach' (T_ENDFOREACH) in /var/www/html/follow/application/views/admin/main.php on line 183
[10-Oct-2015 21:33:47 Asia/Chongqing] PHP Parse error:  syntax error, unexpected 'endforeach' (T_ENDFOREACH) in /var/www/html/follow/application/views/admin/main.php on line 183
[10-Oct-2015 21:33:48 Asia/Chongqing] PHP Parse error:  syntax error, unexpected 'endforeach' (T_ENDFOREACH) in /var/www/html/follow/application/views/admin/main.php on line 183
[10-Oct-2015 21:40:24 Asia/Chongqing] PHP Parse error:  syntax error, unexpected '<' in /var/www/html/follow/application/views/admin/main.php on line 146
[13-Oct-2015 10:55:44 Asia/Chongqing] PHP Fatal error:  Call to undefined function base_url() in /var/www/html/follow/application/views/admin/admin.php on line 8
[13-Oct-2015 13:29:26 Asia/Chongqing] PHP Fatal error:  Call to undefined function base_url() in /var/www/html/follow/application/views/admin/admin.php on line 8
[13-Oct-2015 16:02:52 Asia/Chongqing] PHP Parse error:  syntax error, unexpected ')', expecting ',' or ';' in /var/www/html/follow/application/controllers/Lottery.php on line 32
[13-Oct-2015 16:21:17 Asia/Chongqing] PHP Fatal error:  Call to undefined function base_url() in /var/www/html/follow/application/views/admin/admin.php on line 8
[13-Oct-2015 17:05:02 Asia/Chongqing] PHP Fatal error:  Call to undefined function base_url() in /var/www/html/follow/application/views/admin/admin.php on line 8
[13-Oct-2015 17:40:17 Asia/Chongqing] PHP Fatal error:  Using $this when not in object context in /var/www/html/follow/application/helpers/sendmessage_helper.php on line 14
[13-Oct-2015 17:40:43 Asia/Chongqing] PHP Fatal error:  Using $this when not in object context in /var/www/html/follow/application/helpers/sendmessage_helper.php on line 14
[14-Oct-2015 09:37:19 Asia/Chongqing] PHP Fatal error:  Call to undefined function base_url() in /var/www/html/follow/application/views/admin/admin.php on line 8
[14-Oct-2015 09:57:51 Asia/Chongqing] PHP Fatal error:  Call to undefined function base_url() in /var/www/html/follow/application/views/admin/admin.php on line 8
[15-Oct-2015 23:49:58 Asia/Chongqing] PHP Fatal error:  Call to undefined function base_url() in /var/www/html/follow/application/views/admin/admin.php on line 8
[15-Oct-2015 23:57:29 Asia/Chongqing] PHP Fatal error:  Call to undefined function base_url() in /var/www/html/follow/application/views/admin/admin.php on line 8
[16-Oct-2015 09:38:04 Asia/Chongqing] PHP Fatal error:  Call to undefined function base_url() in /var/www/html/follow/application/views/admin/admin.php on line 8
[17-Oct-2015 15:26:28 Asia/Chongqing] PHP Parse error:  syntax error, unexpected '}' in /var/www/html/follow/application/controllers/GetElevation.php on line 39
[17-Oct-2015 16:16:38 Asia/Chongqing] PHP Parse error:  syntax error, unexpected '(String)' (string) (T_STRING_CAST) in /var/www/html/follow/application/controllers/GetElevation.php on line 41
[17-Oct-2015 16:17:09 Asia/Chongqing] PHP Parse error:  syntax error, unexpected '(string)' (string) (T_STRING_CAST) in /var/www/html/follow/application/controllers/GetElevation.php on line 41
[17-Oct-2015 17:05:30 Asia/Chongqing] PHP Parse error:  syntax error, unexpected ')' in /var/www/html/follow/application/controllers/GetElevation.php on line 33
[17-Oct-2015 18:32:14 Asia/Chongqing] PHP Parse error:  syntax error, unexpected 'array' (T_ARRAY) in /var/www/html/follow/application/controllers/GetElevation.php on line 40
[17-Oct-2015 19:33:19 Asia/Chongqing] PHP Parse error:  syntax error, unexpected 'array' (T_ARRAY) in /var/www/html/follow/application/controllers/GetElevation.php on line 40
[18-Oct-2015 10:12:07 Asia/Chongqing] PHP Parse error:  syntax error, unexpected 'const' (T_CONST), expecting variable (T_VARIABLE) in /var/www/html/follow/application/controllers/GetElevation.php on line 5
[18-Oct-2015 10:12:11 Asia/Chongqing] PHP Parse error:  syntax error, unexpected 'const' (T_CONST), expecting variable (T_VARIABLE) in /var/www/html/follow/application/controllers/GetElevation.php on line 5
[18-Oct-2015 10:13:14 Asia/Chongqing] PHP Parse error:  syntax error, unexpected 'const' (T_CONST) in /var/www/html/follow/application/controllers/GetElevation.php on line 27
[18-Oct-2015 10:14:10 Asia/Chongqing] PHP Parse error:  syntax error, unexpected 'const' (T_CONST) in /var/www/html/follow/application/controllers/GetElevation.php on line 27
[18-Oct-2015 10:16:58 Asia/Chongqing] PHP Parse error:  syntax error, unexpected 'const' (T_CONST) in /var/www/html/follow/application/controllers/GetElevation.php on line 27
[18-Oct-2015 11:11:39 Asia/Chongqing] PHP Fatal error:  Cannot use object of type stdClass as array in /var/www/html/follow/application/controllers/GetElevation.php on line 72
[18-Oct-2015 11:12:19 Asia/Chongqing] PHP Fatal error:  Cannot use object of type stdClass as array in /var/www/html/follow/application/controllers/GetElevation.php on line 73
[18-Oct-2015 11:14:13 Asia/Chongqing] PHP Fatal error:  Cannot use object of type stdClass as array in /var/www/html/follow/application/controllers/GetElevation.php on line 74
[18-Oct-2015 12:49:24 Asia/Chongqing] PHP Parse error:  syntax error, unexpected '}' in /var/www/html/follow/application/controllers/GetElevation.php on line 83
[18-Oct-2015 16:38:32 Asia/Chongqing] PHP Parse error:  syntax error, unexpected ',' in /var/www/html/follow/application/helpers/convertgoogleaxis_helper.php on line 10
[29-Oct-2015 12:18:53 Asia/Chongqing] PHP Fatal error:  Call to undefined method User_model::query() in /var/www/html/follow/application/models/User_model.php on line 36
[29-Oct-2015 12:22:43 Asia/Chongqing] PHP Fatal error:  Call to a member function affected_rows() on boolean in /var/www/html/follow/application/controllers/InsertInfo.php on line 87
[29-Oct-2015 12:23:16 Asia/Chongqing] PHP Fatal error:  Call to a member function affected_rows() on boolean in /var/www/html/follow/application/controllers/InsertInfo.php on line 87
[29-Oct-2015 12:34:12 Asia/Chongqing] PHP Fatal error:  Call to a member function affected_rows() on boolean in /var/www/html/follow/application/controllers/InsertInfo.php on line 87
[29-Oct-2015 22:13:39 Asia/Chongqing] PHP Fatal error:  Call to undefined method User_model::getHistory() in /var/www/html/follow/application/controllers/History.php on line 35
[29-Oct-2015 22:13:43 Asia/Chongqing] PHP Fatal error:  Call to undefined method User_model::getHistory() in /var/www/html/follow/application/controllers/History.php on line 35
[29-Oct-2015 22:13:50 Asia/Chongqing] PHP Fatal error:  Call to undefined method User_model::getHistory() in /var/www/html/follow/application/controllers/History.php on line 35
[29-Oct-2015 22:13:51 Asia/Chongqing] PHP Fatal error:  Call to undefined method User_model::getHistory() in /var/www/html/follow/application/controllers/History.php on line 35
[29-Oct-2015 22:13:51 Asia/Chongqing] PHP Fatal error:  Call to undefined method User_model::getHistory() in /var/www/html/follow/application/controllers/History.php on line 35
[29-Oct-2015 22:13:51 Asia/Chongqing] PHP Fatal error:  Call to undefined method User_model::getHistory() in /var/www/html/follow/application/controllers/History.php on line 35
[29-Oct-2015 23:46:40 Asia/Chongqing] PHP Parse error:  syntax error, unexpected end of file in /var/www/html/follow/application/views/history.php on line 122
[30-Oct-2015 11:50:13 Asia/Chongqing] PHP Fatal error:  Call to undefined function base_url() in /var/www/html/follow/application/views/admin/admin.php on line 8
[30-Oct-2015 11:50:16 Asia/Chongqing] PHP Fatal error:  Call to undefined function base_url() in /var/www/html/follow/application/views/admin/admin.php on line 8
[30-Oct-2015 11:50:17 Asia/Chongqing] PHP Fatal error:  Call to undefined function base_url() in /var/www/html/follow/application/views/admin/admin.php on line 8
[30-Oct-2015 12:09:29 Asia/Chongqing] PHP Fatal error:  Call to undefined function base_url() in /var/www/html/follow/application/views/admin/admin.php on line 8
[30-Oct-2015 12:09:59 Asia/Chongqing] PHP Fatal error:  Call to undefined function base_url() in /var/www/html/follow/application/views/admin/admin.php on line 8
[30-Oct-2015 12:10:01 Asia/Chongqing] PHP Fatal error:  Call to undefined function base_url() in /var/www/html/follow/application/views/admin/admin.php on line 8
[30-Oct-2015 12:10:05 Asia/Chongqing] PHP Fatal error:  Call to undefined function base_url() in /var/www/html/follow/application/views/admin/admin.php on line 8
[30-Oct-2015 12:13:28 Asia/Chongqing] PHP Fatal error:  Call to undefined function base_url() in /var/www/html/follow/application/views/admin/admin.php on line 8
[30-Oct-2015 12:15:22 Asia/Chongqing] PHP Fatal error:  Call to undefined function base_url() in /var/www/html/follow/application/views/admin/admin.php on line 8
[30-Oct-2015 12:26:06 Asia/Chongqing] PHP Fatal error:  Call to undefined function base_url() in /var/www/html/follow/application/views/admin/admin.php on line 8
[30-Oct-2015 17:09:56 Asia/Chongqing] PHP Fatal error:  Call to undefined function base_url() in /var/www/html/follow/application/views/admin/admin.php on line 8
[30-Oct-2015 17:10:09 Asia/Chongqing] PHP Fatal error:  Call to undefined function base_url() in /var/www/html/follow/application/views/admin/admin.php on line 8
[31-Oct-2015 15:45:17 Asia/Chongqing] PHP Fatal error:  Call to undefined function base_url() in /var/www/html/follow/application/views/admin/admin.php on line 8
[31-Oct-2015 15:45:20 Asia/Chongqing] PHP Fatal error:  Call to undefined function base_url() in /var/www/html/follow/application/views/admin/admin.php on line 8
[31-Oct-2015 15:50:40 Asia/Chongqing] PHP Fatal error:  Call to undefined function base_url() in /var/www/html/follow/application/views/admin/admin.php on line 8
[31-Oct-2015 20:41:02 Asia/Chongqing] PHP Parse error:  syntax error, unexpected end of file, expecting function (T_FUNCTION) in /var/www/html/follow/application/controllers/Upload.php on line 58
[31-Oct-2015 21:14:40 Asia/Chongqing] PHP Notice:  Undefined index: act in /var/www/html/follow/action.php on line 2
[31-Oct-2015 21:14:40 Asia/Chongqing] PHP Warning:  move_uploaded_file(files/20151031211440927.jpg): failed to open stream: No such file or directory in /var/www/html/follow/action.php on line 28
[31-Oct-2015 21:14:40 Asia/Chongqing] PHP Warning:  move_uploaded_file(): Unable to move '/tmp/php8RQoRE' to 'files/20151031211440927.jpg' in /var/www/html/follow/action.php on line 28
[31-Oct-2015 21:16:17 Asia/Chongqing] PHP Notice:  Undefined index: act in /var/www/html/follow/action.php on line 2
[31-Oct-2015 21:16:21 Asia/Chongqing] PHP Notice:  Undefined index: act in /var/www/html/follow/action.php on line 2
[31-Oct-2015 21:16:21 Asia/Chongqing] PHP Warning:  move_uploaded_file(files/20151031211621416.jpg): failed to open stream: No such file or directory in /var/www/html/follow/action.php on line 28
[31-Oct-2015 21:16:21 Asia/Chongqing] PHP Warning:  move_uploaded_file(): Unable to move '/tmp/phpEsrBhE' to 'files/20151031211621416.jpg' in /var/www/html/follow/action.php on line 28
[31-Oct-2015 21:18:24 Asia/Chongqing] PHP Notice:  Undefined index: act in /var/www/html/follow/action.php on line 2
[31-Oct-2015 21:18:24 Asia/Chongqing] PHP Warning:  move_uploaded_file(files/20151031211824327.jpg): failed to open stream: No such file or directory in /var/www/html/follow/action.php on line 28
[31-Oct-2015 21:18:24 Asia/Chongqing] PHP Warning:  move_uploaded_file(): Unable to move '/tmp/phpBf3uTU' to 'files/20151031211824327.jpg' in /var/www/html/follow/action.php on line 28
[31-Oct-2015 21:19:43 Asia/Chongqing] PHP Notice:  Undefined index: act in /var/www/html/follow/action.php on line 2
[31-Oct-2015 21:19:43 Asia/Chongqing] PHP Warning:  move_uploaded_file(files/20151031211943847.jpg): failed to open stream: No such file or directory in /var/www/html/follow/action.php on line 28
[31-Oct-2015 21:19:43 Asia/Chongqing] PHP Warning:  move_uploaded_file(): Unable to move '/tmp/phpeXPIR5' to 'files/20151031211943847.jpg' in /var/www/html/follow/action.php on line 28
[31-Oct-2015 21:21:08 Asia/Chongqing] PHP Notice:  Undefined index: act in /var/www/html/follow/action.php on line 2
[31-Oct-2015 21:22:15 Asia/Chongqing] PHP Notice:  Undefined index: act in /var/www/html/follow/action.php on line 2
[31-Oct-2015 21:23:44 Asia/Chongqing] PHP Notice:  Undefined index: act in /var/www/html/follow/action.php on line 2
[31-Oct-2015 21:27:26 Asia/Chongqing] PHP Notice:  Undefined index: act in /var/www/html/follow/action.php on line 2
[31-Oct-2015 21:39:00 Asia/Chongqing] PHP Notice:  Undefined index: act in /var/www/html/follow/action.php on line 2
[31-Oct-2015 21:39:36 Asia/Chongqing] PHP Notice:  Undefined index: act in /var/www/html/follow/action.php on line 2
[31-Oct-2015 21:44:05 Asia/Chongqing] PHP Notice:  Undefined index: act in /var/www/html/follow/action.php on line 2
[01-Nov-2015 14:46:13 Asia/Chongqing] PHP Notice:  Undefined index: act in /var/www/html/follow/action.php on line 2
[01-Nov-2015 14:46:44 Asia/Chongqing] PHP Notice:  Undefined index: act in /var/www/html/follow/action.php on line 2
[01-Nov-2015 14:57:21 Asia/Chongqing] PHP Notice:  Undefined index: act in /var/www/html/follow/action.php on line 2
[01-Nov-2015 14:58:04 Asia/Chongqing] PHP Notice:  Undefined index: act in /var/www/html/follow/action.php on line 2
[01-Nov-2015 14:59:22 Asia/Chongqing] PHP Notice:  Undefined index: act in /var/www/html/follow/action.php on line 2
[01-Nov-2015 14:59:48 Asia/Chongqing] PHP Notice:  Undefined index: act in /var/www/html/follow/action.php on line 2
[01-Nov-2015 15:02:18 Asia/Chongqing] PHP Notice:  Undefined index: act in /var/www/html/follow/action.php on line 2
[01-Nov-2015 15:02:27 Asia/Chongqing] PHP Notice:  Undefined index: act in /var/www/html/follow/action.php on line 2
[01-Nov-2015 15:02:32 Asia/Chongqing] PHP Notice:  Undefined index: act in /var/www/html/follow/action.php on line 2
[01-Nov-2015 15:04:02 Asia/Chongqing] PHP Notice:  Undefined index: act in /var/www/html/follow/action.php on line 2
[01-Nov-2015 15:05:18 Asia/Chongqing] PHP Notice:  Undefined index: act in /var/www/html/follow/action.php on line 2
[01-Nov-2015 15:05:21 Asia/Chongqing] PHP Notice:  Undefined index: act in /var/www/html/follow/action.php on line 2
[01-Nov-2015 15:06:49 Asia/Chongqing] PHP Notice:  Undefined index: act in /var/www/html/follow/action.php on line 2
[01-Nov-2015 15:06:52 Asia/Chongqing] PHP Notice:  Undefined index: act in /var/www/html/follow/action.php on line 2
[01-Nov-2015 15:07:47 Asia/Chongqing] PHP Notice:  Undefined index: act in /var/www/html/follow/action.php on line 2
[01-Nov-2015 15:07:49 Asia/Chongqing] PHP Notice:  Undefined index: act in /var/www/html/follow/action.php on line 2
[01-Nov-2015 15:09:17 Asia/Chongqing] PHP Notice:  Undefined index: act in /var/www/html/follow/action.php on line 2
[01-Nov-2015 15:09:20 Asia/Chongqing] PHP Notice:  Undefined index: act in /var/www/html/follow/action.php on line 2
[01-Nov-2015 15:10:04 Asia/Chongqing] PHP Notice:  Undefined index: act in /var/www/html/follow/action.php on line 2
[01-Nov-2015 15:10:06 Asia/Chongqing] PHP Notice:  Undefined index: act in /var/www/html/follow/action.php on line 2
[01-Nov-2015 15:10:29 Asia/Chongqing] PHP Notice:  Undefined index: act in /var/www/html/follow/action.php on line 2
[01-Nov-2015 15:11:25 Asia/Chongqing] PHP Notice:  Undefined index: act in /var/www/html/follow/action.php on line 2
[01-Nov-2015 15:11:28 Asia/Chongqing] PHP Notice:  Undefined index: act in /var/www/html/follow/action.php on line 2
[01-Nov-2015 15:14:57 Asia/Chongqing] PHP Notice:  Undefined index: act in /var/www/html/follow/action.php on line 2
[01-Nov-2015 15:14:59 Asia/Chongqing] PHP Notice:  Undefined index: act in /var/www/html/follow/action.php on line 2
[01-Nov-2015 15:16:17 Asia/Chongqing] PHP Notice:  Undefined index: act in /var/www/html/follow/action.php on line 2
[01-Nov-2015 15:16:20 Asia/Chongqing] PHP Notice:  Undefined index: act in /var/www/html/follow/action.php on line 2
[01-Nov-2015 15:16:28 Asia/Chongqing] PHP Notice:  Undefined index: act in /var/www/html/follow/action.php on line 2
[01-Nov-2015 15:16:36 Asia/Chongqing] PHP Notice:  Undefined index: act in /var/www/html/follow/action.php on line 2
[01-Nov-2015 15:19:03 Asia/Chongqing] PHP Notice:  Undefined index: act in /var/www/html/follow/action.php on line 2
[01-Nov-2015 15:19:06 Asia/Chongqing] PHP Notice:  Undefined index: act in /var/www/html/follow/action.php on line 2
[01-Nov-2015 15:20:39 Asia/Chongqing] PHP Notice:  Undefined index: act in /var/www/html/follow/action.php on line 2
[01-Nov-2015 15:20:46 Asia/Chongqing] PHP Notice:  Undefined index: act in /var/www/html/follow/action.php on line 2
[01-Nov-2015 15:24:04 Asia/Chongqing] PHP Notice:  Undefined index: act in /var/www/html/follow/action.php on line 2
[01-Nov-2015 15:25:31 Asia/Chongqing] PHP Notice:  Undefined index: act in /var/www/html/follow/action.php on line 2
[01-Nov-2015 15:26:07 Asia/Chongqing] PHP Notice:  Undefined index: act in /var/www/html/follow/action.php on line 2
[01-Nov-2015 15:31:52 Asia/Chongqing] PHP Notice:  Undefined index: act in /var/www/html/follow/action.php on line 2
[01-Nov-2015 15:31:59 Asia/Chongqing] PHP Notice:  Undefined index: act in /var/www/html/follow/action.php on line 2
[01-Nov-2015 15:57:30 Asia/Chongqing] PHP Notice:  Undefined index: act in /var/www/html/follow/action.php on line 2
[01-Nov-2015 15:57:30 Asia/Chongqing] PHP Notice:  Undefined index: mypic in /var/www/html/follow/action.php on line 12
[01-Nov-2015 15:57:30 Asia/Chongqing] PHP Notice:  Undefined index: mypic in /var/www/html/follow/action.php on line 13
[01-Nov-2015 15:57:30 Asia/Chongqing] PHP Notice:  Undefined variable: pics in /var/www/html/follow/action.php on line 33
[01-Nov-2015 15:57:37 Asia/Chongqing] PHP Notice:  Undefined index: act in /var/www/html/follow/action.php on line 2
[01-Nov-2015 15:57:37 Asia/Chongqing] PHP Notice:  Undefined index: mypic in /var/www/html/follow/action.php on line 12
[01-Nov-2015 15:57:37 Asia/Chongqing] PHP Notice:  Undefined index: mypic in /var/www/html/follow/action.php on line 13
[01-Nov-2015 15:57:37 Asia/Chongqing] PHP Notice:  Undefined variable: pics in /var/www/html/follow/action.php on line 33
[01-Nov-2015 15:57:50 Asia/Chongqing] PHP Notice:  Undefined index: act in /var/www/html/follow/action.php on line 2
[01-Nov-2015 15:57:54 Asia/Chongqing] PHP Notice:  Undefined index: act in /var/www/html/follow/action.php on line 2
[01-Nov-2015 15:58:02 Asia/Chongqing] PHP Notice:  Undefined index: act in /var/www/html/follow/action.php on line 2
[01-Nov-2015 16:03:17 Asia/Chongqing] PHP Notice:  Undefined index: act in /var/www/html/follow/action.php on line 2
[01-Nov-2015 16:03:17 Asia/Chongqing] PHP Notice:  Undefined index: mypic in /var/www/html/follow/action.php on line 12
[01-Nov-2015 16:03:17 Asia/Chongqing] PHP Notice:  Undefined index: mypic in /var/www/html/follow/action.php on line 13
[01-Nov-2015 16:03:17 Asia/Chongqing] PHP Notice:  Undefined variable: pics in /var/www/html/follow/action.php on line 33
[01-Nov-2015 16:03:26 Asia/Chongqing] PHP Notice:  Undefined index: act in /var/www/html/follow/action.php on line 2
[01-Nov-2015 16:03:26 Asia/Chongqing] PHP Notice:  Undefined index: mypic in /var/www/html/follow/action.php on line 12
[01-Nov-2015 16:03:26 Asia/Chongqing] PHP Notice:  Undefined index: mypic in /var/www/html/follow/action.php on line 13
[01-Nov-2015 16:03:26 Asia/Chongqing] PHP Notice:  Undefined variable: pics in /var/www/html/follow/action.php on line 33
[01-Nov-2015 16:03:37 Asia/Chongqing] PHP Notice:  Undefined index: act in /var/www/html/follow/action.php on line 2
[01-Nov-2015 16:03:37 Asia/Chongqing] PHP Notice:  Undefined index: mypic in /var/www/html/follow/action.php on line 12
[01-Nov-2015 16:03:37 Asia/Chongqing] PHP Notice:  Undefined index: mypic in /var/www/html/follow/action.php on line 13
[01-Nov-2015 16:03:37 Asia/Chongqing] PHP Notice:  Undefined variable: pics in /var/www/html/follow/action.php on line 33
[01-Nov-2015 16:03:41 Asia/Chongqing] PHP Notice:  Undefined index: act in /var/www/html/follow/action.php on line 2
[01-Nov-2015 16:03:41 Asia/Chongqing] PHP Notice:  Undefined index: mypic in /var/www/html/follow/action.php on line 12
[01-Nov-2015 16:03:41 Asia/Chongqing] PHP Notice:  Undefined index: mypic in /var/www/html/follow/action.php on line 13
[01-Nov-2015 16:03:41 Asia/Chongqing] PHP Notice:  Undefined variable: pics in /var/www/html/follow/action.php on line 33
[01-Nov-2015 16:04:42 Asia/Chongqing] PHP Notice:  Undefined index: act in /var/www/html/follow/action.php on line 2
[01-Nov-2015 16:04:42 Asia/Chongqing] PHP Notice:  Undefined index: mypic in /var/www/html/follow/action.php on line 12
[01-Nov-2015 16:04:42 Asia/Chongqing] PHP Notice:  Undefined index: mypic in /var/www/html/follow/action.php on line 13
[01-Nov-2015 16:04:42 Asia/Chongqing] PHP Notice:  Undefined variable: pics in /var/www/html/follow/action.php on line 33
[01-Nov-2015 16:05:17 Asia/Chongqing] PHP Notice:  Undefined index: act in /var/www/html/follow/action.php on line 2
[01-Nov-2015 16:05:21 Asia/Chongqing] PHP Notice:  Undefined index: act in /var/www/html/follow/action.php on line 2
[01-Nov-2015 16:07:59 Asia/Chongqing] PHP Notice:  Undefined index: act in /var/www/html/follow/action.php on line 2
[01-Nov-2015 16:09:13 Asia/Chongqing] PHP Notice:  Undefined index: act in /var/www/html/follow/action.php on line 2
[01-Nov-2015 16:10:48 Asia/Chongqing] PHP Notice:  Undefined index: act in /var/www/html/follow/action.php on line 2
[01-Nov-2015 16:14:49 Asia/Chongqing] PHP Notice:  Undefined index: act in /var/www/html/follow/action.php on line 2
[01-Nov-2015 16:17:24 Asia/Chongqing] PHP Notice:  Undefined index: act in /var/www/html/follow/action.php on line 2
[01-Nov-2015 16:17:33 Asia/Chongqing] PHP Notice:  Undefined index: act in /var/www/html/follow/action.php on line 2
[01-Nov-2015 16:18:06 Asia/Chongqing] PHP Notice:  Undefined index: act in /var/www/html/follow/action.php on line 2
[01-Nov-2015 16:18:14 Asia/Chongqing] PHP Notice:  Undefined index: act in /var/www/html/follow/action.php on line 2
[01-Nov-2015 16:21:06 Asia/Chongqing] PHP Notice:  Undefined index: act in /var/www/html/follow/action.php on line 2
[01-Nov-2015 16:30:51 Asia/Chongqing] PHP Notice:  Undefined index: act in /var/www/html/follow/action.php on line 2
[01-Nov-2015 16:30:59 Asia/Chongqing] PHP Notice:  Undefined index: act in /var/www/html/follow/action.php on line 2
[01-Nov-2015 16:41:01 Asia/Chongqing] PHP Notice:  Undefined index: act in /var/www/html/follow/action.php on line 2
[01-Nov-2015 16:41:04 Asia/Chongqing] PHP Notice:  Undefined index: act in /var/www/html/follow/action.php on line 2
[01-Nov-2015 17:03:39 Asia/Chongqing] PHP Parse error:  syntax error, unexpected '}', expecting ',' or ';' in /var/www/html/follow/application/views/historyInfo.php on line 710
[01-Nov-2015 17:03:59 Asia/Chongqing] PHP Fatal error:  Unsupported operand types in /var/www/html/follow/application/views/historyInfo.php on line 707
[01-Nov-2015 17:04:39 Asia/Chongqing] PHP Fatal error:  Unsupported operand types in /var/www/html/follow/application/views/historyInfo.php on line 708
[01-Nov-2015 17:07:56 Asia/Chongqing] PHP Parse error:  syntax error, unexpected '$arr' (T_VARIABLE), expecting ',' or ';' in /var/www/html/follow/application/views/historyInfo.php on line 710
[01-Nov-2015 17:07:57 Asia/Chongqing] PHP Parse error:  syntax error, unexpected '$arr' (T_VARIABLE), expecting ',' or ';' in /var/www/html/follow/application/views/historyInfo.php on line 710
[01-Nov-2015 17:12:24 Asia/Chongqing] PHP Parse error:  syntax error, unexpected '?' in /var/www/html/follow/application/views/historyInfo.php on line 710
[01-Nov-2015 17:13:22 Asia/Chongqing] PHP Parse error:  syntax error, unexpected 'style' (T_STRING), expecting ',' or ';' in /var/www/html/follow/application/views/historyInfo.php on line 710
[01-Nov-2015 17:13:24 Asia/Chongqing] PHP Parse error:  syntax error, unexpected 'style' (T_STRING), expecting ',' or ';' in /var/www/html/follow/application/views/historyInfo.php on line 710
[01-Nov-2015 17:13:43 Asia/Chongqing] PHP Parse error:  syntax error, unexpected 'style' (T_STRING), expecting ',' or ';' in /var/www/html/follow/application/views/historyInfo.php on line 710
[01-Nov-2015 17:13:44 Asia/Chongqing] PHP Parse error:  syntax error, unexpected 'style' (T_STRING), expecting ',' or ';' in /var/www/html/follow/application/views/historyInfo.php on line 710
[01-Nov-2015 17:17:44 Asia/Chongqing] PHP Parse error:  syntax error, unexpected '}', expecting ',' or ';' in /var/www/html/follow/application/views/historyInfo.php on line 711
[01-Nov-2015 17:19:44 Asia/Chongqing] PHP Notice:  Undefined index: act in /var/www/html/follow/action.php on line 2
[01-Nov-2015 17:19:48 Asia/Chongqing] PHP Notice:  Undefined index: act in /var/www/html/follow/action.php on line 2
[01-Nov-2015 17:19:51 Asia/Chongqing] PHP Notice:  Undefined index: act in /var/www/html/follow/action.php on line 2
[01-Nov-2015 17:19:55 Asia/Chongqing] PHP Notice:  Undefined index: act in /var/www/html/follow/action.php on line 2
[01-Nov-2015 17:19:58 Asia/Chongqing] PHP Notice:  Undefined index: act in /var/www/html/follow/action.php on line 2
[01-Nov-2015 17:20:01 Asia/Chongqing] PHP Notice:  Undefined index: act in /var/www/html/follow/action.php on line 2
[01-Nov-2015 17:30:43 Asia/Chongqing] PHP Parse error:  syntax error, unexpected end of file, expecting function (T_FUNCTION) in /var/www/html/follow/application/controllers/Umain.php on line 45
[01-Nov-2015 17:30:59 Asia/Chongqing] PHP Fatal error:  Call to undefined function base_url() in /var/www/html/follow/application/views/main.php on line 12
[01-Nov-2015 17:31:00 Asia/Chongqing] PHP Fatal error:  Call to undefined function base_url() in /var/www/html/follow/application/views/main.php on line 12
[01-Nov-2015 17:44:34 Asia/Chongqing] PHP Fatal error:  Call to undefined function base_url() in /var/www/html/follow/application/views/admin/admin.php on line 8
[01-Nov-2015 18:18:02 Asia/Chongqing] PHP Notice:  Undefined index: act in /var/www/html/follow/action.php on line 2
[01-Nov-2015 18:18:02 Asia/Chongqing] PHP Notice:  Undefined index: mypic in /var/www/html/follow/action.php on line 12
[01-Nov-2015 18:18:02 Asia/Chongqing] PHP Notice:  Undefined index: mypic in /var/www/html/follow/action.php on line 13
[01-Nov-2015 18:18:02 Asia/Chongqing] PHP Notice:  Undefined variable: pics in /var/www/html/follow/action.php on line 33
[01-Nov-2015 18:18:43 Asia/Chongqing] PHP Notice:  Undefined index: act in /var/www/html/follow/action.php on line 2
[01-Nov-2015 18:19:36 Asia/Chongqing] PHP Notice:  Undefined index: act in /var/www/html/follow/action.php on line 2
[01-Nov-2015 18:19:53 Asia/Chongqing] PHP Notice:  Undefined index: act in /var/www/html/follow/action.php on line 2
[01-Nov-2015 18:21:07 Asia/Chongqing] PHP Notice:  Undefined index: act in /var/www/html/follow/action.php on line 2
[01-Nov-2015 18:24:07 Asia/Chongqing] PHP Notice:  Undefined index: act in /var/www/html/follow/action.php on line 2
[01-Nov-2015 18:27:16 Asia/Chongqing] PHP Notice:  Undefined index: act in /var/www/html/follow/action.php on line 2
[01-Nov-2015 18:38:07 Asia/Chongqing] PHP Notice:  Undefined index: act in /var/www/html/follow/action.php on line 2
[01-Nov-2015 18:38:11 Asia/Chongqing] PHP Notice:  Undefined index: act in /var/www/html/follow/action.php on line 2
[01-Nov-2015 18:56:41 Asia/Chongqing] PHP Fatal error:  Call to undefined function base_url() in /var/www/html/follow/application/views/admin/admin.php on line 8
[01-Nov-2015 19:00:51 Asia/Chongqing] PHP Notice:  Undefined index: act in /var/www/html/follow/action.php on line 2
[01-Nov-2015 19:01:02 Asia/Chongqing] PHP Notice:  Undefined index: act in /var/www/html/follow/action.php on line 2
[03-Nov-2015 19:34:31 Asia/Chongqing] PHP Fatal error:  Call to undefined function base_url() in /var/www/html/follow/application/views/admin/admin.php on line 8
[06-Nov-2015 20:23:32 Asia/Chongqing] PHP Notice:  Undefined index: act in /var/www/html/follow/action.php on line 2
[06-Nov-2015 20:23:36 Asia/Chongqing] PHP Notice:  Undefined index: act in /var/www/html/follow/action.php on line 2
[06-Nov-2015 20:31:35 Asia/Chongqing] PHP Fatal error:  Call to undefined function base_url() in /var/www/html/follow/application/views/admin/admin.php on line 8
[06-Nov-2015 23:00:23 Asia/Chongqing] PHP Fatal error:  Call to undefined function base_url() in /var/www/html/follow/application/views/admin/admin.php on line 8
[06-Nov-2015 23:01:19 Asia/Chongqing] PHP Fatal error:  Call to undefined function base_url() in /var/www/html/follow/application/views/admin/admin.php on line 8
[06-Nov-2015 23:01:21 Asia/Chongqing] PHP Fatal error:  Call to undefined function base_url() in /var/www/html/follow/application/views/admin/admin.php on line 8
[06-Nov-2015 23:01:33 Asia/Chongqing] PHP Fatal error:  Call to undefined function base_url() in /var/www/html/follow/application/views/admin/admin.php on line 8
[06-Nov-2015 23:01:57 Asia/Chongqing] PHP Fatal error:  Call to undefined function base_url() in /var/www/html/follow/application/views/admin/admin.php on line 8
[07-Nov-2015 11:18:28 Asia/Chongqing] PHP Fatal error:  Call to undefined function base_url() in /var/www/html/follow/application/views/admin/admin.php on line 8
[07-Nov-2015 11:36:48 Asia/Chongqing] PHP Fatal error:  Call to undefined function base_url() in /var/www/html/follow/application/views/admin/admin.php on line 8
[07-Nov-2015 19:51:09 Asia/Chongqing] PHP Fatal error:  Call to undefined function base_url() in /var/www/html/follow/application/views/admin/admin.php on line 8
[07-Nov-2015 19:51:18 Asia/Chongqing] PHP Fatal error:  Call to undefined method User_model::getUserNum() in /var/www/html/follow/application/controllers/Main.php on line 44
[07-Nov-2015 19:52:08 Asia/Chongqing] PHP Fatal error:  Call to undefined method User_model::getUserNum() in /var/www/html/follow/application/controllers/Main.php on line 44
[07-Nov-2015 19:53:46 Asia/Chongqing] PHP Fatal error:  Call to undefined method User_model::getUserNum() in /var/www/html/follow/application/controllers/Main.php on line 44
[07-Nov-2015 19:54:32 Asia/Chongqing] PHP Fatal error:  Call to undefined method User_model::getUserNum() in /var/www/html/follow/application/controllers/Main.php on line 44
[07-Nov-2015 19:55:21 Asia/Chongqing] PHP Fatal error:  Call to undefined method User_model::getUserNum() in /var/www/html/follow/application/controllers/Main.php on line 44
[07-Nov-2015 19:55:24 Asia/Chongqing] PHP Fatal error:  Call to undefined method User_model::getUserNum() in /var/www/html/follow/application/controllers/Main.php on line 44
[07-Nov-2015 19:55:41 Asia/Chongqing] PHP Fatal error:  Call to undefined method User_model::getUserNum() in /var/www/html/follow/application/controllers/Main.php on line 44
[07-Nov-2015 19:55:43 Asia/Chongqing] PHP Fatal error:  Call to undefined method User_model::getUserNum() in /var/www/html/follow/application/controllers/Main.php on line 44
[07-Nov-2015 19:55:47 Asia/Chongqing] PHP Fatal error:  Call to undefined method User_model::getUserNum() in /var/www/html/follow/application/controllers/Main.php on line 44
[07-Nov-2015 19:59:21 Asia/Chongqing] PHP Fatal error:  Call to undefined method User_model::getUserNum() in /var/www/html/follow/application/controllers/Main.php on line 44
[07-Nov-2015 19:59:27 Asia/Chongqing] PHP Fatal error:  Call to undefined method User_model::getUserNum() in /var/www/html/follow/application/controllers/Main.php on line 44
[07-Nov-2015 19:59:30 Asia/Chongqing] PHP Fatal error:  Call to undefined method User_model::getUserNum() in /var/www/html/follow/application/controllers/Main.php on line 44
[07-Nov-2015 19:59:36 Asia/Chongqing] PHP Fatal error:  Call to undefined method User_model::getUserNum() in /var/www/html/follow/application/controllers/Main.php on line 44
[07-Nov-2015 19:59:37 Asia/Chongqing] PHP Fatal error:  Call to undefined method User_model::getUserNum() in /var/www/html/follow/application/controllers/Main.php on line 44
[07-Nov-2015 19:59:38 Asia/Chongqing] PHP Fatal error:  Call to undefined method User_model::getUserNum() in /var/www/html/follow/application/controllers/Main.php on line 44
[07-Nov-2015 19:59:39 Asia/Chongqing] PHP Fatal error:  Call to undefined method User_model::getUserNum() in /var/www/html/follow/application/controllers/Main.php on line 44
[07-Nov-2015 19:59:40 Asia/Chongqing] PHP Fatal error:  Call to undefined method User_model::getUserNum() in /var/www/html/follow/application/controllers/Main.php on line 44
[07-Nov-2015 19:59:42 Asia/Chongqing] PHP Fatal error:  Call to undefined method User_model::getUserNum() in /var/www/html/follow/application/controllers/Main.php on line 44
[07-Nov-2015 19:59:43 Asia/Chongqing] PHP Fatal error:  Call to undefined method User_model::getUserNum() in /var/www/html/follow/application/controllers/Main.php on line 44
[07-Nov-2015 19:59:44 Asia/Chongqing] PHP Fatal error:  Call to undefined method User_model::getUserNum() in /var/www/html/follow/application/controllers/Main.php on line 44
[07-Nov-2015 19:59:47 Asia/Chongqing] PHP Fatal error:  Call to undefined method User_model::getUserNum() in /var/www/html/follow/application/controllers/Main.php on line 44
[07-Nov-2015 19:59:48 Asia/Chongqing] PHP Fatal error:  Call to undefined method User_model::getUserNum() in /var/www/html/follow/application/controllers/Main.php on line 44
[07-Nov-2015 20:00:10 Asia/Chongqing] PHP Fatal error:  Call to undefined method User_model::getUserNum() in /var/www/html/follow/application/controllers/Main.php on line 44
[07-Nov-2015 20:00:19 Asia/Chongqing] PHP Fatal error:  Call to undefined method User_model::getUserNum() in /var/www/html/follow/application/controllers/Main.php on line 44
[07-Nov-2015 20:01:37 Asia/Chongqing] PHP Fatal error:  Call to undefined method User_model::getUserNum() in /var/www/html/follow/application/controllers/Main.php on line 44
[07-Nov-2015 20:01:48 Asia/Chongqing] PHP Fatal error:  Call to undefined method User_model::getUserNum() in /var/www/html/follow/application/controllers/Main.php on line 44
[07-Nov-2015 20:01:50 Asia/Chongqing] PHP Fatal error:  Call to undefined method User_model::getUserNum() in /var/www/html/follow/application/controllers/Main.php on line 44
[07-Nov-2015 20:01:52 Asia/Chongqing] PHP Fatal error:  Call to undefined method User_model::getUserNum() in /var/www/html/follow/application/controllers/Main.php on line 44
[07-Nov-2015 20:02:48 Asia/Chongqing] PHP Fatal error:  Call to undefined method User_model::getUserNum() in /var/www/html/follow/application/controllers/Main.php on line 44
[07-Nov-2015 20:02:53 Asia/Chongqing] PHP Fatal error:  Call to undefined method User_model::getUserNum() in /var/www/html/follow/application/controllers/Main.php on line 44
[07-Nov-2015 20:02:54 Asia/Chongqing] PHP Fatal error:  Call to undefined method User_model::getUserNum() in /var/www/html/follow/application/controllers/Main.php on line 44
[07-Nov-2015 20:02:56 Asia/Chongqing] PHP Fatal error:  Call to undefined method User_model::getUserNum() in /var/www/html/follow/application/controllers/Main.php on line 44
[07-Nov-2015 20:02:57 Asia/Chongqing] PHP Fatal error:  Call to undefined method User_model::getUserNum() in /var/www/html/follow/application/controllers/Main.php on line 44
[07-Nov-2015 20:02:59 Asia/Chongqing] PHP Fatal error:  Call to undefined method User_model::getUserNum() in /var/www/html/follow/application/controllers/Main.php on line 44
[07-Nov-2015 20:03:30 Asia/Chongqing] PHP Fatal error:  Call to undefined method User_model::getUserNum() in /var/www/html/follow/application/controllers/Main.php on line 44
[07-Nov-2015 20:03:33 Asia/Chongqing] PHP Fatal error:  Call to undefined method User_model::getUserNum() in /var/www/html/follow/application/controllers/Main.php on line 44
[07-Nov-2015 20:03:40 Asia/Chongqing] PHP Fatal error:  Call to undefined method User_model::getUserNum() in /var/www/html/follow/application/controllers/Main.php on line 44
[07-Nov-2015 20:11:22 Asia/Chongqing] PHP Fatal error:  Call to undefined method User_model::getUserNum() in /var/www/html/follow/application/controllers/Main.php on line 44
[07-Nov-2015 20:11:25 Asia/Chongqing] PHP Fatal error:  Call to undefined method User_model::getUserNum() in /var/www/html/follow/application/controllers/Main.php on line 44
[07-Nov-2015 20:11:37 Asia/Chongqing] PHP Fatal error:  Call to undefined method User_model::getUserNum() in /var/www/html/follow/application/controllers/Main.php on line 44
[07-Nov-2015 20:11:40 Asia/Chongqing] PHP Fatal error:  Call to undefined method User_model::getUserNum() in /var/www/html/follow/application/controllers/Main.php on line 44
[07-Nov-2015 20:11:42 Asia/Chongqing] PHP Fatal error:  Call to undefined method User_model::getUserNum() in /var/www/html/follow/application/controllers/Main.php on line 44
[07-Nov-2015 20:11:45 Asia/Chongqing] PHP Fatal error:  Call to undefined method User_model::getUserNum() in /var/www/html/follow/application/controllers/Main.php on line 44
[07-Nov-2015 20:11:58 Asia/Chongqing] PHP Fatal error:  Call to undefined method User_model::getUserNum() in /var/www/html/follow/application/controllers/Main.php on line 44
[07-Nov-2015 20:12:00 Asia/Chongqing] PHP Fatal error:  Call to undefined method User_model::getUserNum() in /var/www/html/follow/application/controllers/Main.php on line 44
[07-Nov-2015 20:12:08 Asia/Chongqing] PHP Fatal error:  Call to undefined method User_model::getUserNum() in /var/www/html/follow/application/controllers/Main.php on line 44
[07-Nov-2015 20:12:11 Asia/Chongqing] PHP Fatal error:  Call to undefined method User_model::getUserNum() in /var/www/html/follow/application/controllers/Main.php on line 44
[07-Nov-2015 20:13:07 Asia/Chongqing] PHP Fatal error:  Call to undefined method User_model::getUserNum() in /var/www/html/follow/application/controllers/Main.php on line 44
[07-Nov-2015 20:13:17 Asia/Chongqing] PHP Fatal error:  Call to undefined method User_model::getUserNum() in /var/www/html/follow/application/controllers/Main.php on line 44
[07-Nov-2015 20:13:18 Asia/Chongqing] PHP Fatal error:  Call to undefined method User_model::getUserNum() in /var/www/html/follow/application/controllers/Main.php on line 44
[07-Nov-2015 20:15:13 Asia/Chongqing] PHP Fatal error:  Call to undefined method User_model::getUserNum() in /var/www/html/follow/application/controllers/Main.php on line 44
[07-Nov-2015 20:15:49 Asia/Chongqing] PHP Fatal error:  Call to undefined method User_model::getUserNum() in /var/www/html/follow/application/controllers/Main.php on line 44
[07-Nov-2015 20:16:11 Asia/Chongqing] PHP Fatal error:  Call to undefined method User_model::getUserNum() in /var/www/html/follow/application/controllers/Main.php on line 44
[07-Nov-2015 20:17:12 Asia/Chongqing] PHP Fatal error:  Call to undefined method User_model::getUserNum() in /var/www/html/follow/application/controllers/Main.php on line 44
[07-Nov-2015 20:18:12 Asia/Chongqing] PHP Fatal error:  Call to undefined method User_model::getUserNum() in /var/www/html/follow/application/controllers/Main.php on line 44
[07-Nov-2015 20:18:13 Asia/Chongqing] PHP Fatal error:  Call to undefined method User_model::getUserNum() in /var/www/html/follow/application/controllers/Main.php on line 44
[07-Nov-2015 20:18:14 Asia/Chongqing] PHP Fatal error:  Call to undefined method User_model::getUserNum() in /var/www/html/follow/application/controllers/Main.php on line 44
[07-Nov-2015 20:18:20 Asia/Chongqing] PHP Fatal error:  Call to undefined method User_model::getUserNum() in /var/www/html/follow/application/controllers/Main.php on line 44
[07-Nov-2015 20:18:23 Asia/Chongqing] PHP Fatal error:  Call to undefined method User_model::getUserNum() in /var/www/html/follow/application/controllers/Main.php on line 44
[07-Nov-2015 20:19:20 Asia/Chongqing] PHP Fatal error:  Call to undefined method User_model::getUserNum() in /var/www/html/follow/application/controllers/Main.php on line 44
[07-Nov-2015 20:20:35 Asia/Chongqing] PHP Fatal error:  Call to undefined method User_model::searchUser() in /var/www/html/follow/application/controllers/SearchValid.php on line 33
[07-Nov-2015 20:20:46 Asia/Chongqing] PHP Fatal error:  Call to undefined method User_model::getUserNum() in /var/www/html/follow/application/controllers/Main.php on line 44
[07-Nov-2015 20:21:01 Asia/Chongqing] PHP Fatal error:  Call to undefined method User_model::getUserNum() in /var/www/html/follow/application/controllers/Main.php on line 44
[07-Nov-2015 20:21:03 Asia/Chongqing] PHP Fatal error:  Call to undefined method User_model::getUserNum() in /var/www/html/follow/application/controllers/Main.php on line 44
[07-Nov-2015 20:21:23 Asia/Chongqing] PHP Fatal error:  Call to undefined method User_model::getUserNum() in /var/www/html/follow/application/controllers/Main.php on line 44
[07-Nov-2015 20:21:26 Asia/Chongqing] PHP Fatal error:  Call to undefined method User_model::getUserNum() in /var/www/html/follow/application/controllers/Main.php on line 44
[07-Nov-2015 20:22:24 Asia/Chongqing] PHP Fatal error:  Call to undefined method User_model::getUserNum() in /var/www/html/follow/application/controllers/Main.php on line 44
[07-Nov-2015 20:22:27 Asia/Chongqing] PHP Fatal error:  Call to undefined method User_model::getUserNum() in /var/www/html/follow/application/controllers/Main.php on line 44
[07-Nov-2015 20:23:31 Asia/Chongqing] PHP Fatal error:  Call to undefined method User_model::getUserNum() in /var/www/html/follow/application/controllers/Main.php on line 44
[07-Nov-2015 20:23:35 Asia/Chongqing] PHP Fatal error:  Call to undefined method User_model::getUserNum() in /var/www/html/follow/application/controllers/Main.php on line 44
[07-Nov-2015 20:24:26 Asia/Chongqing] PHP Fatal error:  Call to undefined method User_model::getUserNum() in /var/www/html/follow/application/controllers/Main.php on line 44
[07-Nov-2015 20:24:29 Asia/Chongqing] PHP Fatal error:  Call to undefined method User_model::getUserNum() in /var/www/html/follow/application/controllers/Main.php on line 44
[07-Nov-2015 20:26:24 Asia/Chongqing] PHP Fatal error:  Call to undefined method User_model::getUserNum() in /var/www/html/follow/application/controllers/Main.php on line 44
[07-Nov-2015 20:26:26 Asia/Chongqing] PHP Fatal error:  Call to undefined method User_model::getUserNum() in /var/www/html/follow/application/controllers/Main.php on line 44
[07-Nov-2015 20:27:08 Asia/Chongqing] PHP Fatal error:  Call to undefined method User_model::getUserNum() in /var/www/html/follow/application/controllers/Main.php on line 44
[07-Nov-2015 20:27:35 Asia/Chongqing] PHP Fatal error:  Call to undefined method User_model::getUserNum() in /var/www/html/follow/application/controllers/Main.php on line 44
[07-Nov-2015 20:28:07 Asia/Chongqing] PHP Fatal error:  Call to undefined method User_model::getUserNum() in /var/www/html/follow/application/controllers/Main.php on line 44
[07-Nov-2015 20:28:09 Asia/Chongqing] PHP Fatal error:  Call to undefined method User_model::getUserNum() in /var/www/html/follow/application/controllers/Main.php on line 44
[07-Nov-2015 20:28:33 Asia/Chongqing] PHP Fatal error:  Call to undefined method User_model::getUserNum() in /var/www/html/follow/application/controllers/Main.php on line 44
[07-Nov-2015 20:28:43 Asia/Chongqing] PHP Fatal error:  Call to undefined method User_model::getUserNum() in /var/www/html/follow/application/controllers/Main.php on line 44
[07-Nov-2015 20:29:14 Asia/Chongqing] PHP Fatal error:  Call to undefined method User_model::getUserNum() in /var/www/html/follow/application/controllers/Main.php on line 44
[07-Nov-2015 20:29:38 Asia/Chongqing] PHP Fatal error:  Call to undefined method User_model::getUserNum() in /var/www/html/follow/application/controllers/Main.php on line 44
[07-Nov-2015 20:29:59 Asia/Chongqing] PHP Fatal error:  Call to undefined method User_model::getUserNum() in /var/www/html/follow/application/controllers/Main.php on line 44
[07-Nov-2015 20:30:22 Asia/Chongqing] PHP Fatal error:  Call to undefined method User_model::getUserNum() in /var/www/html/follow/application/controllers/Main.php on line 44
[07-Nov-2015 20:30:23 Asia/Chongqing] PHP Fatal error:  Call to undefined method User_model::getUserNum() in /var/www/html/follow/application/controllers/Main.php on line 44
[07-Nov-2015 20:33:15 Asia/Chongqing] PHP Fatal error:  Call to undefined method User_model::getUserNum() in /var/www/html/follow/application/controllers/Main.php on line 44
[07-Nov-2015 20:36:58 Asia/Chongqing] PHP Fatal error:  Call to undefined method User_model::getUserNum() in /var/www/html/follow/application/controllers/Main.php on line 44
[07-Nov-2015 20:38:40 Asia/Chongqing] PHP Fatal error:  Call to undefined method User_model::getUserNum() in /var/www/html/follow/application/controllers/Main.php on line 44
[07-Nov-2015 20:42:24 Asia/Chongqing] PHP Fatal error:  Call to undefined method User_model::getUserNum() in /var/www/html/follow/application/controllers/Main.php on line 44
[07-Nov-2015 20:45:19 Asia/Chongqing] PHP Fatal error:  Call to undefined method User_model::getUserNum() in /var/www/html/follow/application/controllers/Main.php on line 44
[07-Nov-2015 20:45:41 Asia/Chongqing] PHP Fatal error:  Call to undefined method User_model::getUserNum() in /var/www/html/follow/application/controllers/Main.php on line 44
[07-Nov-2015 20:45:43 Asia/Chongqing] PHP Fatal error:  Call to undefined method User_model::getUserNum() in /var/www/html/follow/application/controllers/Main.php on line 44
[07-Nov-2015 20:45:44 Asia/Chongqing] PHP Fatal error:  Call to undefined method User_model::getUserNum() in /var/www/html/follow/application/controllers/Main.php on line 44
[07-Nov-2015 20:45:57 Asia/Chongqing] PHP Fatal error:  Call to undefined method User_model::getUserNum() in /var/www/html/follow/application/controllers/Main.php on line 44
[07-Nov-2015 20:47:06 Asia/Chongqing] PHP Fatal error:  Call to undefined method User_model::getUserNum() in /var/www/html/follow/application/controllers/Main.php on line 44
[07-Nov-2015 20:47:17 Asia/Chongqing] PHP Fatal error:  Call to undefined method User_model::getUserNum() in /var/www/html/follow/application/controllers/Main.php on line 44
[07-Nov-2015 20:47:20 Asia/Chongqing] PHP Fatal error:  Call to undefined method User_model::getUserNum() in /var/www/html/follow/application/controllers/Main.php on line 44
[07-Nov-2015 20:47:21 Asia/Chongqing] PHP Fatal error:  Call to undefined method User_model::getUserNum() in /var/www/html/follow/application/controllers/Main.php on line 44
[07-Nov-2015 20:47:55 Asia/Chongqing] PHP Fatal error:  Call to undefined method User_model::getUserNum() in /var/www/html/follow/application/controllers/Main.php on line 44
[07-Nov-2015 20:47:58 Asia/Chongqing] PHP Fatal error:  Call to undefined method User_model::getUserNum() in /var/www/html/follow/application/controllers/Main.php on line 44
[07-Nov-2015 20:49:35 Asia/Chongqing] PHP Fatal error:  Call to undefined method User_model::getUserNum() in /var/www/html/follow/application/controllers/Main.php on line 44
[07-Nov-2015 20:49:37 Asia/Chongqing] PHP Fatal error:  Call to undefined method User_model::getUserNum() in /var/www/html/follow/application/controllers/Main.php on line 44
[07-Nov-2015 20:49:46 Asia/Chongqing] PHP Fatal error:  Call to undefined method User_model::getUserNum() in /var/www/html/follow/application/controllers/Main.php on line 44
[07-Nov-2015 20:50:10 Asia/Chongqing] PHP Fatal error:  Call to undefined method User_model::getUserNum() in /var/www/html/follow/application/controllers/Main.php on line 44
[07-Nov-2015 20:50:22 Asia/Chongqing] PHP Fatal error:  Call to undefined method User_model::getUserNum() in /var/www/html/follow/application/controllers/Main.php on line 44
[07-Nov-2015 20:52:14 Asia/Chongqing] PHP Fatal error:  Call to undefined method User_model::getUserNum() in /var/www/html/follow/application/controllers/Main.php on line 44
[07-Nov-2015 20:52:17 Asia/Chongqing] PHP Fatal error:  Call to undefined method User_model::getUserNum() in /var/www/html/follow/application/controllers/Main.php on line 44
[07-Nov-2015 20:53:31 Asia/Chongqing] PHP Fatal error:  Call to undefined method User_model::getUserNum() in /var/www/html/follow/application/controllers/Main.php on line 44
[07-Nov-2015 20:56:13 Asia/Chongqing] PHP Fatal error:  Call to undefined method User_model::getUserNum() in /var/www/html/follow/application/controllers/Main.php on line 44
[07-Nov-2015 20:56:15 Asia/Chongqing] PHP Fatal error:  Call to undefined method User_model::getUserNum() in /var/www/html/follow/application/controllers/Main.php on line 44
[07-Nov-2015 21:06:02 Asia/Chongqing] PHP Fatal error:  Call to undefined method User_model::getUserNum() in /var/www/html/follow/application/controllers/Main.php on line 44
[07-Nov-2015 21:06:06 Asia/Chongqing] PHP Fatal error:  Call to undefined method User_model::getUserNum() in /var/www/html/follow/application/controllers/Main.php on line 44
[07-Nov-2015 21:06:16 Asia/Chongqing] PHP Fatal error:  Call to undefined method User_model::getUserNum() in /var/www/html/follow/application/controllers/Main.php on line 44
[07-Nov-2015 21:06:35 Asia/Chongqing] PHP Fatal error:  Call to undefined method User_model::getUserNum() in /var/www/html/follow/application/controllers/Main.php on line 44
[07-Nov-2015 21:07:02 Asia/Chongqing] PHP Fatal error:  Call to undefined method User_model::getUserNum() in /var/www/html/follow/application/controllers/Main.php on line 44
[07-Nov-2015 21:08:50 Asia/Chongqing] PHP Fatal error:  Call to undefined method User_model::getUserNum() in /var/www/html/follow/application/controllers/Main.php on line 44
[07-Nov-2015 21:09:06 Asia/Chongqing] PHP Fatal error:  Call to undefined method User_model::getUserNum() in /var/www/html/follow/application/controllers/Main.php on line 44
[07-Nov-2015 21:09:22 Asia/Chongqing] PHP Fatal error:  Call to undefined method User_model::getUserNum() in /var/www/html/follow/application/controllers/Main.php on line 44
[07-Nov-2015 21:11:50 Asia/Chongqing] PHP Fatal error:  Call to undefined method User_model::getUserNum() in /var/www/html/follow/application/controllers/Main.php on line 44
[07-Nov-2015 21:12:03 Asia/Chongqing] PHP Fatal error:  Call to undefined method User_model::getUserNum() in /var/www/html/follow/application/controllers/Main.php on line 44
[07-Nov-2015 21:12:06 Asia/Chongqing] PHP Fatal error:  Call to undefined method User_model::getUserNum() in /var/www/html/follow/application/controllers/Main.php on line 44
[07-Nov-2015 21:12:20 Asia/Chongqing] PHP Fatal error:  Call to undefined method User_model::getUserNum() in /var/www/html/follow/application/controllers/Main.php on line 44
[08-Nov-2015 13:56:35 Asia/Chongqing] PHP Fatal error:  Call to undefined function base_url() in /var/www/html/follow/application/views/admin/admin.php on line 8
[08-Nov-2015 13:56:45 Asia/Chongqing] PHP Fatal error:  Call to undefined method User_model::getUserNum() in /var/www/html/follow/application/controllers/Main.php on line 44
[08-Nov-2015 13:56:47 Asia/Chongqing] PHP Fatal error:  Call to undefined method User_model::getUserNum() in /var/www/html/follow/application/controllers/Main.php on line 44
[08-Nov-2015 13:58:43 Asia/Chongqing] PHP Fatal error:  Call to undefined method User_model::getUserNum() in /var/www/html/follow/application/controllers/Main.php on line 44
[08-Nov-2015 13:59:54 Asia/Chongqing] PHP Fatal error:  Call to undefined method User_model::getUserNum() in /var/www/html/follow/application/controllers/Main.php on line 44
[08-Nov-2015 14:08:46 Asia/Chongqing] PHP Fatal error:  Call to undefined method User_model::getUserNum() in /var/www/html/follow/application/controllers/Main.php on line 44
[08-Nov-2015 14:08:51 Asia/Chongqing] PHP Fatal error:  Call to undefined method User_model::getUserNum() in /var/www/html/follow/application/controllers/Main.php on line 44
[08-Nov-2015 14:08:53 Asia/Chongqing] PHP Fatal error:  Call to undefined method User_model::getUserNum() in /var/www/html/follow/application/controllers/Main.php on line 44
[08-Nov-2015 14:08:54 Asia/Chongqing] PHP Fatal error:  Call to undefined method User_model::getUserNum() in /var/www/html/follow/application/controllers/Main.php on line 44
[08-Nov-2015 14:08:56 Asia/Chongqing] PHP Fatal error:  Call to undefined method User_model::getUserNum() in /var/www/html/follow/application/controllers/Main.php on line 44
[08-Nov-2015 14:21:24 Asia/Chongqing] PHP Fatal error:  Call to undefined method User_model::getUserNum() in /var/www/html/follow/application/controllers/Main.php on line 44
[08-Nov-2015 14:21:25 Asia/Chongqing] PHP Fatal error:  Call to undefined method User_model::getUserNum() in /var/www/html/follow/application/controllers/Main.php on line 44
[08-Nov-2015 14:21:26 Asia/Chongqing] PHP Fatal error:  Call to undefined method User_model::getUserNum() in /var/www/html/follow/application/controllers/Main.php on line 44
[08-Nov-2015 14:21:28 Asia/Chongqing] PHP Fatal error:  Call to undefined method User_model::getUserNum() in /var/www/html/follow/application/controllers/Main.php on line 44
[08-Nov-2015 14:21:29 Asia/Chongqing] PHP Fatal error:  Call to undefined method User_model::getUserNum() in /var/www/html/follow/application/controllers/Main.php on line 44
[08-Nov-2015 14:21:30 Asia/Chongqing] PHP Fatal error:  Call to undefined method User_model::getUserNum() in /var/www/html/follow/application/controllers/Main.php on line 44
[08-Nov-2015 14:21:40 Asia/Chongqing] PHP Fatal error:  Call to undefined method User_model::getUserNum() in /var/www/html/follow/application/controllers/Main.php on line 44
[08-Nov-2015 14:21:51 Asia/Chongqing] PHP Fatal error:  Call to undefined method User_model::getUserNum() in /var/www/html/follow/application/controllers/Main.php on line 44
[08-Nov-2015 14:29:12 Asia/Chongqing] PHP Fatal error:  Call to undefined method User_model::getUserNum() in /var/www/html/follow/application/controllers/Main.php on line 44
[08-Nov-2015 14:33:24 Asia/Chongqing] PHP Fatal error:  Call to undefined method User_model::getUserNum() in /var/www/html/follow/application/controllers/Main.php on line 44
[08-Nov-2015 14:35:28 Asia/Chongqing] PHP Fatal error:  Call to undefined method User_model::getUserNum() in /var/www/html/follow/application/controllers/Main.php on line 44
[08-Nov-2015 14:35:30 Asia/Chongqing] PHP Fatal error:  Call to undefined method User_model::getUserNum() in /var/www/html/follow/application/controllers/Main.php on line 44
[08-Nov-2015 14:37:20 Asia/Chongqing] PHP Fatal error:  Call to undefined method User_model::getUserNum() in /var/www/html/follow/application/controllers/Main.php on line 44
[08-Nov-2015 14:37:27 Asia/Chongqing] PHP Fatal error:  Call to undefined method User_model::getUserNum() in /var/www/html/follow/application/controllers/Main.php on line 44
[08-Nov-2015 14:39:21 Asia/Chongqing] PHP Fatal error:  Call to undefined method User_model::getUserNum() in /var/www/html/follow/application/controllers/Main.php on line 44
[08-Nov-2015 14:39:23 Asia/Chongqing] PHP Fatal error:  Call to undefined method User_model::getUserNum() in /var/www/html/follow/application/controllers/Main.php on line 44
[08-Nov-2015 14:39:26 Asia/Chongqing] PHP Fatal error:  Call to undefined method User_model::getUserNum() in /var/www/html/follow/application/controllers/Main.php on line 44
[08-Nov-2015 14:39:28 Asia/Chongqing] PHP Fatal error:  Call to undefined method User_model::getUserNum() in /var/www/html/follow/application/controllers/Main.php on line 44
[08-Nov-2015 14:39:36 Asia/Chongqing] PHP Fatal error:  Call to undefined method User_model::getUserNum() in /var/www/html/follow/application/controllers/Main.php on line 44
[08-Nov-2015 14:39:43 Asia/Chongqing] PHP Fatal error:  Call to undefined method User_model::getUserNum() in /var/www/html/follow/application/controllers/Main.php on line 44
[08-Nov-2015 14:39:46 Asia/Chongqing] PHP Fatal error:  Call to undefined method User_model::getUserNum() in /var/www/html/follow/application/controllers/Main.php on line 44
[08-Nov-2015 14:39:50 Asia/Chongqing] PHP Fatal error:  Call to undefined method User_model::getUserNum() in /var/www/html/follow/application/controllers/Main.php on line 44
[08-Nov-2015 14:39:58 Asia/Chongqing] PHP Fatal error:  Call to undefined method User_model::getUserNum() in /var/www/html/follow/application/controllers/Main.php on line 44
[08-Nov-2015 14:40:00 Asia/Chongqing] PHP Fatal error:  Call to undefined method User_model::getUserNum() in /var/www/html/follow/application/controllers/Main.php on line 44
[08-Nov-2015 14:40:02 Asia/Chongqing] PHP Fatal error:  Call to undefined method User_model::getUserNum() in /var/www/html/follow/application/controllers/Main.php on line 44
[08-Nov-2015 14:40:04 Asia/Chongqing] PHP Fatal error:  Call to undefined method User_model::getUserNum() in /var/www/html/follow/application/controllers/Main.php on line 44
[08-Nov-2015 14:41:05 Asia/Chongqing] PHP Fatal error:  Call to undefined method User_model::getUserNum() in /var/www/html/follow/application/controllers/Main.php on line 44
[08-Nov-2015 14:43:01 Asia/Chongqing] PHP Fatal error:  Call to undefined method User_model::getUserNum() in /var/www/html/follow/application/controllers/Main.php on line 44
[08-Nov-2015 14:43:04 Asia/Chongqing] PHP Fatal error:  Call to undefined method User_model::getUserNum() in /var/www/html/follow/application/controllers/Main.php on line 44
[08-Nov-2015 14:43:05 Asia/Chongqing] PHP Fatal error:  Call to undefined method User_model::getUserNum() in /var/www/html/follow/application/controllers/Main.php on line 44
[08-Nov-2015 14:43:07 Asia/Chongqing] PHP Fatal error:  Call to undefined method User_model::getUserNum() in /var/www/html/follow/application/controllers/Main.php on line 44
[08-Nov-2015 14:43:23 Asia/Chongqing] PHP Fatal error:  Call to undefined method User_model::getUserNum() in /var/www/html/follow/application/controllers/Main.php on line 44
[08-Nov-2015 14:43:25 Asia/Chongqing] PHP Fatal error:  Call to undefined method User_model::getUserNum() in /var/www/html/follow/application/controllers/Main.php on line 44
[08-Nov-2015 14:43:27 Asia/Chongqing] PHP Fatal error:  Call to undefined method User_model::getUserNum() in /var/www/html/follow/application/controllers/Main.php on line 44
[08-Nov-2015 14:43:28 Asia/Chongqing] PHP Fatal error:  Call to undefined method User_model::getUserNum() in /var/www/html/follow/application/controllers/Main.php on line 44
[08-Nov-2015 14:43:29 Asia/Chongqing] PHP Fatal error:  Call to undefined method User_model::getUserNum() in /var/www/html/follow/application/controllers/Main.php on line 44
[08-Nov-2015 14:43:30 Asia/Chongqing] PHP Fatal error:  Call to undefined method User_model::getUserNum() in /var/www/html/follow/application/controllers/Main.php on line 44
[08-Nov-2015 14:43:44 Asia/Chongqing] PHP Fatal error:  Call to undefined method User_model::getUserNum() in /var/www/html/follow/application/controllers/Main.php on line 44
[08-Nov-2015 14:43:47 Asia/Chongqing] PHP Fatal error:  Call to undefined method User_model::getUserNum() in /var/www/html/follow/application/controllers/Main.php on line 44
[08-Nov-2015 14:44:54 Asia/Chongqing] PHP Fatal error:  Call to undefined method User_model::getUserNum() in /var/www/html/follow/application/controllers/Main.php on line 44
[08-Nov-2015 14:46:38 Asia/Chongqing] PHP Fatal error:  Call to undefined method User_model::getUserNum() in /var/www/html/follow/application/controllers/Main.php on line 44
[08-Nov-2015 15:14:03 Asia/Chongqing] PHP Fatal error:  Call to undefined method User_model::getUserNum() in /var/www/html/follow/application/controllers/Main.php on line 44
[08-Nov-2015 15:15:44 Asia/Chongqing] PHP Fatal error:  Call to undefined method User_model::getUserNum() in /var/www/html/follow/application/controllers/Main.php on line 44
[08-Nov-2015 15:15:47 Asia/Chongqing] PHP Fatal error:  Call to undefined method User_model::getUserNum() in /var/www/html/follow/application/controllers/Main.php on line 44
[08-Nov-2015 15:16:01 Asia/Chongqing] PHP Fatal error:  Call to undefined method User_model::getUserNum() in /var/www/html/follow/application/controllers/Main.php on line 44
[08-Nov-2015 15:16:05 Asia/Chongqing] PHP Fatal error:  Call to undefined method User_model::getUserNum() in /var/www/html/follow/application/controllers/Main.php on line 44
[08-Nov-2015 15:18:28 Asia/Chongqing] PHP Fatal error:  Cannot redeclare Follow_model::get_follow_item() in /var/www/html/follow/application/models/Follow_model.php on line 44
[08-Nov-2015 15:41:12 Asia/Chongqing] PHP Fatal error:  Call to undefined method User_model::getUserNum() in /var/www/html/follow/application/controllers/Main.php on line 44
[08-Nov-2015 15:41:19 Asia/Chongqing] PHP Fatal error:  Call to undefined method User_model::getUserNum() in /var/www/html/follow/application/controllers/Main.php on line 44
[08-Nov-2015 15:41:45 Asia/Chongqing] PHP Fatal error:  Call to undefined method User_model::getUserNum() in /var/www/html/follow/application/controllers/Main.php on line 44
[08-Nov-2015 15:41:54 Asia/Chongqing] PHP Fatal error:  Call to undefined method User_model::getUserNum() in /var/www/html/follow/application/controllers/Main.php on line 44
[08-Nov-2015 15:41:56 Asia/Chongqing] PHP Fatal error:  Call to undefined method User_model::getUserNum() in /var/www/html/follow/application/controllers/Main.php on line 44
[08-Nov-2015 15:42:59 Asia/Chongqing] PHP Notice:  Undefined index: act in /var/www/html/follow/action.php on line 2
[08-Nov-2015 15:43:01 Asia/Chongqing] PHP Notice:  Undefined index: act in /var/www/html/follow/action.php on line 2
[08-Nov-2015 15:43:15 Asia/Chongqing] PHP Fatal error:  Call to undefined method User_model::getUserNum() in /var/www/html/follow/application/controllers/Main.php on line 44
[08-Nov-2015 15:43:27 Asia/Chongqing] PHP Fatal error:  Call to undefined method User_model::getUserNum() in /var/www/html/follow/application/controllers/Main.php on line 44
[08-Nov-2015 15:43:29 Asia/Chongqing] PHP Fatal error:  Call to undefined method User_model::getUserNum() in /var/www/html/follow/application/controllers/Main.php on line 44
[08-Nov-2015 16:26:49 Asia/Chongqing] PHP Fatal error:  Call to undefined method User_model::getUserNum() in /var/www/html/follow/application/controllers/Main.php on line 44
[08-Nov-2015 16:27:04 Asia/Chongqing] PHP Fatal error:  Call to undefined method User_model::getUserNum() in /var/www/html/follow/application/controllers/Main.php on line 44
[08-Nov-2015 16:27:07 Asia/Chongqing] PHP Fatal error:  Call to undefined method User_model::getUserNum() in /var/www/html/follow/application/controllers/Main.php on line 44
[08-Nov-2015 16:30:10 Asia/Chongqing] PHP Notice:  Undefined index: act in /var/www/html/follow/action.php on line 2
[08-Nov-2015 16:31:21 Asia/Chongqing] PHP Notice:  Undefined index: act in /var/www/html/follow/action.php on line 2
[08-Nov-2015 16:31:23 Asia/Chongqing] PHP Notice:  Undefined index: act in /var/www/html/follow/action.php on line 2
[08-Nov-2015 16:34:06 Asia/Chongqing] PHP Notice:  Undefined index: act in /var/www/html/follow/action.php on line 2
[08-Nov-2015 16:34:16 Asia/Chongqing] PHP Notice:  Undefined index: act in /var/www/html/follow/action.php on line 2
[08-Nov-2015 16:34:20 Asia/Chongqing] PHP Notice:  Undefined index: act in /var/www/html/follow/action.php on line 2
[08-Nov-2015 16:38:45 Asia/Chongqing] PHP Notice:  Undefined index: act in /var/www/html/follow/action.php on line 2
[08-Nov-2015 16:38:47 Asia/Chongqing] PHP Notice:  Undefined index: act in /var/www/html/follow/action.php on line 2
[08-Nov-2015 19:08:50 Asia/Chongqing] PHP Fatal error:  Call to undefined function base_url() in /var/www/html/follow/application/views/admin/admin.php on line 8
[08-Nov-2015 19:08:58 Asia/Chongqing] PHP Fatal error:  Call to undefined method User_model::getUserNum() in /var/www/html/follow/application/controllers/Main.php on line 44
[08-Nov-2015 19:09:16 Asia/Chongqing] PHP Fatal error:  Call to undefined method User_model::getUserNum() in /var/www/html/follow/application/controllers/Main.php on line 44
[08-Nov-2015 19:13:46 Asia/Chongqing] PHP Fatal error:  Call to undefined method User_model::getUserNum() in /var/www/html/follow/application/controllers/Main.php on line 44
[08-Nov-2015 19:13:54 Asia/Chongqing] PHP Fatal error:  Call to undefined method User_model::getUserNum() in /var/www/html/follow/application/controllers/Main.php on line 44
[08-Nov-2015 19:13:56 Asia/Chongqing] PHP Fatal error:  Call to undefined method User_model::getUserNum() in /var/www/html/follow/application/controllers/Main.php on line 44
[15-Nov-2015 14:05:46 Asia/Chongqing] PHP Fatal error:  Call to undefined function base_url() in /var/www/html/follow/application/views/admin/admin.php on line 8
[15-Nov-2015 14:06:34 Asia/Chongqing] PHP Fatal error:  Call to undefined method User_model::getUserNum() in /var/www/html/follow/application/controllers/Main.php on line 44
[15-Nov-2015 14:06:36 Asia/Chongqing] PHP Fatal error:  Call to undefined method User_model::getUserNum() in /var/www/html/follow/application/controllers/Main.php on line 44
[15-Nov-2015 14:07:04 Asia/Chongqing] PHP Fatal error:  Call to undefined method User_model::getUserNum() in /var/www/html/follow/application/controllers/Main.php on line 44
[15-Nov-2015 14:07:56 Asia/Chongqing] PHP Fatal error:  Call to undefined method User_model::getUserNum() in /var/www/html/follow/application/controllers/Main.php on line 44
[15-Nov-2015 14:08:09 Asia/Chongqing] PHP Fatal error:  Call to undefined method User_model::getUserNum() in /var/www/html/follow/application/controllers/Main.php on line 44
[15-Nov-2015 14:10:21 Asia/Chongqing] PHP Fatal error:  Call to undefined method User_model::getUserNum() in /var/www/html/follow/application/controllers/Main.php on line 44
[15-Nov-2015 14:10:26 Asia/Chongqing] PHP Fatal error:  Call to undefined method User_model::getUserNum() in /var/www/html/follow/application/controllers/Main.php on line 44
[15-Nov-2015 14:10:29 Asia/Chongqing] PHP Fatal error:  Call to undefined method User_model::getUserNum() in /var/www/html/follow/application/controllers/Main.php on line 44
[15-Nov-2015 14:10:41 Asia/Chongqing] PHP Fatal error:  Call to undefined method User_model::getUserNum() in /var/www/html/follow/application/controllers/Main.php on line 44
[15-Nov-2015 14:10:43 Asia/Chongqing] PHP Fatal error:  Call to undefined method User_model::getUserNum() in /var/www/html/follow/application/controllers/Main.php on line 44
[15-Nov-2015 14:12:16 Asia/Chongqing] PHP Fatal error:  Call to undefined method User_model::getUserNum() in /var/www/html/follow/application/controllers/Main.php on line 44
[15-Nov-2015 14:12:18 Asia/Chongqing] PHP Fatal error:  Call to undefined method User_model::getUserNum() in /var/www/html/follow/application/controllers/Main.php on line 44
[15-Nov-2015 14:15:27 Asia/Chongqing] PHP Fatal error:  Call to undefined method User_model::getUserNum() in /var/www/html/follow/application/controllers/Main.php on line 44
[15-Nov-2015 14:21:25 Asia/Chongqing] PHP Fatal error:  Call to undefined method User_model::getUserNum() in /var/www/html/follow/application/controllers/Main.php on line 44
[15-Nov-2015 14:21:28 Asia/Chongqing] PHP Fatal error:  Call to undefined method User_model::getUserNum() in /var/www/html/follow/application/controllers/Main.php on line 44
[15-Nov-2015 17:02:59 Asia/Chongqing] PHP Notice:  Undefined index: act in /var/www/html/follow/action.php on line 2
[15-Nov-2015 17:03:02 Asia/Chongqing] PHP Notice:  Undefined index: act in /var/www/html/follow/action.php on line 2
[15-Nov-2015 17:14:06 Asia/Chongqing] PHP Notice:  Undefined index: act in /var/www/html/follow/action.php on line 2
[15-Nov-2015 17:14:09 Asia/Chongqing] PHP Notice:  Undefined index: act in /var/www/html/follow/action.php on line 2
